<?xml version="1.0" encoding="UTF-8"?>
<!-- Generated by org.testng.reporters.JUnitReportReporter -->
<testsuite hostname="maciekmacbookpro" name="topguntest.AppTest" tests="1" failures="0" timestamp="30 Nov 2016 21:40:38 GMT" time="0.006" errors="0">
  <testcase name="testApp" time="0.006" classname="topguntest.AppTest"/>
</testsuite>
